0 info it worked if it ends with ok
1 verbose cli [ 'node', '/usr/local/bin/npm', 'run', 'dev' ]
2 info using npm@3.10.9
3 info using node@v0.12.3
4 verbose run-script [ 'predev', 'dev', 'postdev' ]
5 info lifecycle vuex-basics@1.0.0~predev: vuex-basics@1.0.0
6 silly lifecycle vuex-basics@1.0.0~predev: no script for predev, continuing
7 info lifecycle vuex-basics@1.0.0~dev: vuex-basics@1.0.0
8 verbose lifecycle vuex-basics@1.0.0~dev: unsafe-perm in lifecycle true
9 verbose lifecycle vuex-basics@1.0.0~dev: PATH: /usr/local/lib/node_modules/npm/bin/node-gyp-bin:/Users/mymac/Documents/学习/Web/LearnVuex/Vuex2-GetStarted/node_modules/.bin:/Library/Frameworks/Python.framework/Versions/2.7/bin:/Applications/adt-bundle-mac-x86_64-20131030/sdk/tools:/Applications/adt-bundle-mac-x86_64-20131030/sdk/platform-tools:/Applications/adt-bundle-mac-x86_64-20131030/sdk:/Applications/adt-bundle-mac-x86_64-20131030/android-ndk-r10b:/Users/mymac/Downloads/cocos2d-x-3.3beta0/tools/cocos2d-console/bin:/usr/local/bin:/usr/bin:/bin:/usr/sbin:/sbin:/opt/X11/bin:/Library/TeX/texbin
10 verbose lifecycle vuex-basics@1.0.0~dev: CWD: /Users/mymac/Documents/学习/Web/LearnVuex/Vuex2-GetStarted
11 silly lifecycle vuex-basics@1.0.0~dev: Args: [ '-c',
11 silly lifecycle   'cross-env NODE_ENV=development webpack-dev-server --open --inline --hot' ]
12 silly lifecycle vuex-basics@1.0.0~dev: Returned: code: 1  signal: null
13 info lifecycle vuex-basics@1.0.0~dev: Failed to exec dev script
14 verbose stack Error: vuex-basics@1.0.0 dev: `cross-env NODE_ENV=development webpack-dev-server --open --inline --hot`
14 verbose stack Exit status 1
14 verbose stack     at EventEmitter.<anonymous> (/usr/local/lib/node_modules/npm/lib/utils/lifecycle.js:255:16)
14 verbose stack     at EventEmitter.emit (events.js:110:17)
14 verbose stack     at ChildProcess.<anonymous> (/usr/local/lib/node_modules/npm/lib/utils/spawn.js:40:14)
14 verbose stack     at ChildProcess.emit (events.js:110:17)
14 verbose stack     at maybeClose (child_process.js:1015:16)
14 verbose stack     at Process.ChildProcess._handle.onexit (child_process.js:1087:5)
15 verbose pkgid vuex-basics@1.0.0
16 verbose cwd /Users/mymac/Documents/学习/Web/LearnVuex/Vuex2-GetStarted
17 error Darwin 16.0.0
18 error argv "node" "/usr/local/bin/npm" "run" "dev"
19 error node v0.12.3
20 error npm  v3.10.9
21 error code ELIFECYCLE
22 error vuex-basics@1.0.0 dev: `cross-env NODE_ENV=development webpack-dev-server --open --inline --hot`
22 error Exit status 1
23 error Failed at the vuex-basics@1.0.0 dev script 'cross-env NODE_ENV=development webpack-dev-server --open --inline --hot'.
23 error Make sure you have the latest version of node.js and npm installed.
23 error If you do, this is most likely a problem with the vuex-basics package,
23 error not with npm itself.
23 error Tell the author that this fails on your system:
23 error     cross-env NODE_ENV=development webpack-dev-server --open --inline --hot
23 error You can get information on how to open an issue for this project with:
23 error     npm bugs vuex-basics
23 error Or if that isn't available, you can get their info via:
23 error     npm owner ls vuex-basics
23 error There is likely additional logging output above.
24 verbose exit [ 1, true ]
